<?xml version="1.0" encoding="UTF-8"?>
<robot generator="Robot 6.0.2 (Python 3.11.1 on win32)" generated="20230213 11:27:07.970" rpa="false" schemaversion="3">
<suite id="s1" name="Cadastro Tests" source="c:\Automação\qaxperience-robot\tests\cadastro_tests.robot">
<test id="s1-t1" name="Login com falha" line="19">
<kw name="Abrir navegador" library="Base" type="SETUP">
<kw name="Open Browser" library="SeleniumLibrary">
<arg>browser=Chrome</arg>
<doc>Opens a new browser instance to the optional ``url``.</doc>
<msg timestamp="20230213 11:27:08.086" level="INFO">Opening browser 'Chrome' to base url 'None'.</msg>
<status status="PASS" starttime="20230213 11:27:08.086" endtime="20230213 11:27:09.084"/>
</kw>
<kw name="Maximize Browser Window" library="SeleniumLibrary">
<doc>Maximizes current browser window.</doc>
<status status="PASS" starttime="20230213 11:27:09.084" endtime="20230213 11:27:09.196"/>
</kw>
<status status="PASS" starttime="20230213 11:27:08.085" endtime="20230213 11:27:09.197"/>
</kw>
<kw name="Acessar a página de login do site" library="Base">
<kw name="Go To" library="SeleniumLibrary">
<arg>${URL}</arg>
<doc>Navigates the current browser window to the provided ``url``.</doc>
<msg timestamp="20230213 11:27:09.198" level="INFO">Opening url 'https://play.qaxperience.com/'</msg>
<status status="PASS" starttime="20230213 11:27:09.198" endtime="20230213 11:27:10.108"/>
</kw>
<status status="PASS" starttime="20230213 11:27:09.197" endtime="20230213 11:27:10.108"/>
</kw>
<kw name="Inserir e-mail inexistente" library="cadastro_actions">
<kw name="Wait Until Element Is Visible" library="SeleniumLibrary">
<arg>xpath://*[@id="user_email"]</arg>
<doc>Waits until the element ``locator`` is visible.</doc>
<status status="PASS" starttime="20230213 11:27:10.109" endtime="20230213 11:27:10.127"/>
</kw>
<kw name="Page Should Contain" library="SeleniumLibrary">
<arg>E-mail</arg>
<doc>Verifies that current page contains ``text``.</doc>
<msg timestamp="20230213 11:27:10.137" level="INFO">Current page contains text 'E-mail'.</msg>
<status status="PASS" starttime="20230213 11:27:10.128" endtime="20230213 11:27:10.137"/>
</kw>
<kw name="Input Text" library="SeleniumLibrary">
<arg>xpath://*[@id="user_email"]</arg>
<arg>34dfgdfg435h5r56y5h54g4@gmail.com</arg>
<doc>Types the given ``text`` into the text field identified by ``locator``.</doc>
<msg timestamp="20230213 11:27:10.138" level="INFO">Typing text '34dfgdfg435h5r56y5h54g4@gmail.com' into text field 'xpath://*[@id="user_email"]'.</msg>
<status status="PASS" starttime="20230213 11:27:10.138" endtime="20230213 11:27:10.190"/>
</kw>
<status status="PASS" starttime="20230213 11:27:10.109" endtime="20230213 11:27:10.191"/>
</kw>
<kw name="Inserir senha correta" library="cadastro_actions">
<kw name="Wait Until Element Is Visible" library="SeleniumLibrary">
<arg>xpath://*[@id="user_password"]</arg>
<doc>Waits until the element ``locator`` is visible.</doc>
<status status="PASS" starttime="20230213 11:27:10.191" endtime="20230213 11:27:10.204"/>
</kw>
<kw name="Page Should Contain" library="SeleniumLibrary">
<arg>E-mail</arg>
<doc>Verifies that current page contains ``text``.</doc>
<msg timestamp="20230213 11:27:10.210" level="INFO">Current page contains text 'E-mail'.</msg>
<status status="PASS" starttime="20230213 11:27:10.204" endtime="20230213 11:27:10.210"/>
</kw>
<kw name="Input Text" library="SeleniumLibrary">
<arg>xpath://*[@id="user_password"]</arg>
<arg>M@druga123</arg>
<doc>Types the given ``text`` into the text field identified by ``locator``.</doc>
<msg timestamp="20230213 11:27:10.211" level="INFO">Typing text 'M@druga123' into text field 'xpath://*[@id="user_password"]'.</msg>
<status status="PASS" starttime="20230213 11:27:10.211" endtime="20230213 11:27:10.254"/>
</kw>
<status status="PASS" starttime="20230213 11:27:10.191" endtime="20230213 11:27:10.254"/>
</kw>
<kw name="Clicar no botão &quot;login&quot;" library="cadastro_actions">
<kw name="Wait Until Element Is Visible" library="SeleniumLibrary">
<arg>xpath://*[@id="new_user"]/div[3]/input</arg>
<doc>Waits until the element ``locator`` is visible.</doc>
<status status="PASS" starttime="20230213 11:27:10.255" endtime="20230213 11:27:10.266"/>
</kw>
<kw name="Page Should Contain" library="SeleniumLibrary">
<arg>login</arg>
<doc>Verifies that current page contains ``text``.</doc>
<msg timestamp="20230213 11:27:10.274" level="INFO">Current page contains text 'login'.</msg>
<status status="PASS" starttime="20230213 11:27:10.266" endtime="20230213 11:27:10.274"/>
</kw>
<kw name="Click Button" library="SeleniumLibrary">
<arg>xpath://*[@id="new_user"]/div[3]/input</arg>
<doc>Clicks the button identified by ``locator``.</doc>
<msg timestamp="20230213 11:27:10.275" level="INFO">Clicking button 'xpath://*[@id="new_user"]/div[3]/input'.</msg>
<status status="PASS" starttime="20230213 11:27:10.274" endtime="20230213 11:27:10.721"/>
</kw>
<status status="PASS" starttime="20230213 11:27:10.255" endtime="20230213 11:27:10.722"/>
</kw>
<kw name="Verificar mensagem de erro &quot;E-mail ou senha inválida.&quot;" library="cadastro_actions">
<kw name="Page Should Contain" library="SeleniumLibrary">
<arg>E-mail ou senha inválida.</arg>
<doc>Verifies that current page contains ``text``.</doc>
<msg timestamp="20230213 11:27:10.759" level="INFO">Current page contains text 'E-mail ou senha inválida.'.</msg>
<status status="PASS" starttime="20230213 11:27:10.723" endtime="20230213 11:27:10.759"/>
</kw>
<status status="PASS" starttime="20230213 11:27:10.722" endtime="20230213 11:27:10.759"/>
</kw>
<kw name="fechar navegador" library="Base" type="TEARDOWN">
<kw name="Close Browser" library="SeleniumLibrary">
<doc>Closes the current browser.</doc>
<status status="PASS" starttime="20230213 11:27:10.761" endtime="20230213 11:27:12.846"/>
</kw>
<status status="PASS" starttime="20230213 11:27:10.761" endtime="20230213 11:27:12.846"/>
</kw>
<doc>Esse teste verifica se o site está logando
com e-mail inexistente.</doc>
<tag>email</tag>
<tag>inexistente</tag>
<tag>login</tag>
<status status="PASS" starttime="20230213 11:27:08.085" endtime="20230213 11:27:12.847"/>
</test>
<doc>Teste de login</doc>
<status status="PASS" starttime="20230213 11:27:07.973" endtime="20230213 11:27:12.849"/>
</suite>
<statistics>
<total>
<stat pass="1" fail="0" skip="0">All Tests</stat>
</total>
<tag>
<stat pass="1" fail="0" skip="0">email</stat>
<stat pass="1" fail="0" skip="0">inexistente</stat>
<stat pass="1" fail="0" skip="0">login</stat>
</tag>
<suite>
<stat pass="1" fail="0" skip="0" id="s1" name="Cadastro Tests">Cadastro Tests</stat>
</suite>
</statistics>
<errors>
</errors>
</robot>
