<?xml version="1.0" encoding="UTF-8"?>
<robot generator="Robot 6.0.2 (Python 3.11.1 on win32)" generated="20230213 23:45:03.421" rpa="false" schemaversion="3">
<suite id="s1" name="Cadastro Tests" source="c:\Automação\qaxperience-robot\tests\cadastro_tests.robot">
<test id="s1-t1" name="Login com sucesso" line="9">
<kw name="Abrir navegador" library="Base" type="SETUP">
<kw name="Open Browser" library="SeleniumLibrary">
<arg>browser=Chrome</arg>
<doc>Opens a new browser instance to the optional ``url``.</doc>
<msg timestamp="20230213 23:45:03.537" level="INFO">Opening browser 'Chrome' to base url 'None'.</msg>
<status status="PASS" starttime="20230213 23:45:03.537" endtime="20230213 23:45:04.542"/>
</kw>
<kw name="Maximize Browser Window" library="SeleniumLibrary">
<doc>Maximizes current browser window.</doc>
<status status="PASS" starttime="20230213 23:45:04.542" endtime="20230213 23:45:04.653"/>
</kw>
<status status="PASS" starttime="20230213 23:45:03.537" endtime="20230213 23:45:04.653"/>
</kw>
<kw name="Acessar a página de login do site" library="Base">
<kw name="Go To" library="SeleniumLibrary">
<arg>${URL}</arg>
<doc>Navigates the current browser window to the provided ``url``.</doc>
<msg timestamp="20230213 23:45:04.655" level="INFO">Opening url 'https://play.qaxperience.com/'</msg>
<status status="PASS" starttime="20230213 23:45:04.654" endtime="20230213 23:45:05.698"/>
</kw>
<status status="PASS" starttime="20230213 23:45:04.654" endtime="20230213 23:45:05.698"/>
</kw>
<kw name="Inserir e-mail existente" library="cadastro_actions">
<kw name="Wait Until Element Is Visible" library="SeleniumLibrary">
<arg>xpath://*[@id="user_email"]</arg>
<doc>Waits until the element ``locator`` is visible.</doc>
<status status="PASS" starttime="20230213 23:45:05.699" endtime="20230213 23:45:05.720"/>
</kw>
<kw name="Page Should Contain" library="SeleniumLibrary">
<arg>E-mail</arg>
<doc>Verifies that current page contains ``text``.</doc>
<msg timestamp="20230213 23:45:05.728" level="INFO">Current page contains text 'E-mail'.</msg>
<status status="PASS" starttime="20230213 23:45:05.720" endtime="20230213 23:45:05.729"/>
</kw>
<kw name="Input Text" library="SeleniumLibrary">
<arg>xpath://*[@id="user_email"]</arg>
<arg>mauriciodesouzamiranda@gmail.com</arg>
<doc>Types the given ``text`` into the text field identified by ``locator``.</doc>
<msg timestamp="20230213 23:45:05.729" level="INFO">Typing text 'mauriciodesouzamiranda@gmail.com' into text field 'xpath://*[@id="user_email"]'.</msg>
<status status="PASS" starttime="20230213 23:45:05.729" endtime="20230213 23:45:05.779"/>
</kw>
<status status="PASS" starttime="20230213 23:45:05.699" endtime="20230213 23:45:05.779"/>
</kw>
<kw name="Inserir senha correta" library="cadastro_actions">
<kw name="Wait Until Element Is Visible" library="SeleniumLibrary">
<arg>xpath://*[@id="user_password"]</arg>
<doc>Waits until the element ``locator`` is visible.</doc>
<status status="PASS" starttime="20230213 23:45:05.780" endtime="20230213 23:45:05.794"/>
</kw>
<kw name="Page Should Contain" library="SeleniumLibrary">
<arg>E-mail</arg>
<doc>Verifies that current page contains ``text``.</doc>
<msg timestamp="20230213 23:45:05.801" level="INFO">Current page contains text 'E-mail'.</msg>
<status status="PASS" starttime="20230213 23:45:05.794" endtime="20230213 23:45:05.801"/>
</kw>
<kw name="Input Text" library="SeleniumLibrary">
<arg>xpath://*[@id="user_password"]</arg>
<arg>M@druga123</arg>
<doc>Types the given ``text`` into the text field identified by ``locator``.</doc>
<msg timestamp="20230213 23:45:05.802" level="INFO">Typing text 'M@druga123' into text field 'xpath://*[@id="user_password"]'.</msg>
<status status="PASS" starttime="20230213 23:45:05.802" endtime="20230213 23:45:05.849"/>
</kw>
<status status="PASS" starttime="20230213 23:45:05.780" endtime="20230213 23:45:05.849"/>
</kw>
<kw name="Clicar no botão &quot;login&quot;" library="cadastro_actions">
<kw name="Wait Until Element Is Visible" library="SeleniumLibrary">
<arg>xpath://*[@id="new_user"]/div[3]/input</arg>
<doc>Waits until the element ``locator`` is visible.</doc>
<status status="PASS" starttime="20230213 23:45:05.850" endtime="20230213 23:45:05.864"/>
</kw>
<kw name="Page Should Contain" library="SeleniumLibrary">
<arg>login</arg>
<doc>Verifies that current page contains ``text``.</doc>
<msg timestamp="20230213 23:45:05.873" level="INFO">Current page contains text 'login'.</msg>
<status status="PASS" starttime="20230213 23:45:05.864" endtime="20230213 23:45:05.873"/>
</kw>
<kw name="Click Button" library="SeleniumLibrary">
<arg>xpath://*[@id="new_user"]/div[3]/input</arg>
<doc>Clicks the button identified by ``locator``.</doc>
<msg timestamp="20230213 23:45:05.874" level="INFO">Clicking button 'xpath://*[@id="new_user"]/div[3]/input'.</msg>
<status status="PASS" starttime="20230213 23:45:05.873" endtime="20230213 23:45:06.985"/>
</kw>
<status status="PASS" starttime="20230213 23:45:05.850" endtime="20230213 23:45:06.986"/>
</kw>
<kw name="Verificar mensagem &quot;Login efetuado com sucesso.&quot;" library="cadastro_actions">
<kw name="Page Should Contain" library="SeleniumLibrary">
<arg>Login efetuado com sucesso.</arg>
<doc>Verifies that current page contains ``text``.</doc>
<msg timestamp="20230213 23:45:07.001" level="INFO">Current page contains text 'Login efetuado com sucesso.'.</msg>
<status status="PASS" starttime="20230213 23:45:06.987" endtime="20230213 23:45:07.001"/>
</kw>
<status status="PASS" starttime="20230213 23:45:06.986" endtime="20230213 23:45:07.002"/>
</kw>
<kw name="fechar navegador" library="Base" type="TEARDOWN">
<kw name="Close Browser" library="SeleniumLibrary">
<doc>Closes the current browser.</doc>
<status status="PASS" starttime="20230213 23:45:07.002" endtime="20230213 23:45:09.047"/>
</kw>
<status status="PASS" starttime="20230213 23:45:07.002" endtime="20230213 23:45:09.047"/>
</kw>
<doc>Esse teste verifica se o site está logando
com sucesso.</doc>
<tag>login</tag>
<tag>sucesso</tag>
<status status="PASS" starttime="20230213 23:45:03.536" endtime="20230213 23:45:09.048"/>
</test>
<doc>Teste de login</doc>
<status status="PASS" starttime="20230213 23:45:03.423" endtime="20230213 23:45:09.049"/>
</suite>
<statistics>
<total>
<stat pass="1" fail="0" skip="0">All Tests</stat>
</total>
<tag>
<stat pass="1" fail="0" skip="0">login</stat>
<stat pass="1" fail="0" skip="0">sucesso</stat>
</tag>
<suite>
<stat pass="1" fail="0" skip="0" id="s1" name="Cadastro Tests">Cadastro Tests</stat>
</suite>
</statistics>
<errors>
</errors>
</robot>
