<?xml version="1.0" encoding="UTF-8"?>
<robot generator="Robot 6.0.2 (Python 3.11.1 on win32)" generated="20230213 23:50:30.665" rpa="false" schemaversion="3">
<suite id="s1" name="Qaxperience-Robot" source="C:\Automação\qaxperience-robot">
<suite id="s1-s1" name="Tests" source="C:\Automação\qaxperience-robot\tests">
<suite id="s1-s1-s1" name="Cadastro Tests" source="C:\Automação\qaxperience-robot\tests\cadastro_tests.robot">
<test id="s1-s1-s1-t1" name="Login com sucesso" line="9">
<kw name="Abrir navegador" library="Base" type="SETUP">
<kw name="Open Browser" library="SeleniumLibrary">
<arg>browser=Chrome</arg>
<doc>Opens a new browser instance to the optional ``url``.</doc>
<msg timestamp="20230213 23:50:30.799" level="INFO">Opening browser 'Chrome' to base url 'None'.</msg>
<status status="PASS" starttime="20230213 23:50:30.799" endtime="20230213 23:50:31.802"/>
</kw>
<kw name="Maximize Browser Window" library="SeleniumLibrary">
<doc>Maximizes current browser window.</doc>
<status status="PASS" starttime="20230213 23:50:31.803" endtime="20230213 23:50:31.930"/>
</kw>
<status status="PASS" starttime="20230213 23:50:30.798" endtime="20230213 23:50:31.931"/>
</kw>
<kw name="Acessar a página de login do site" library="Base">
<kw name="Go To" library="SeleniumLibrary">
<arg>${URL}</arg>
<doc>Navigates the current browser window to the provided ``url``.</doc>
<msg timestamp="20230213 23:50:31.932" level="INFO">Opening url 'https://play.qaxperience.com/'</msg>
<status status="PASS" starttime="20230213 23:50:31.932" endtime="20230213 23:50:32.861"/>
</kw>
<status status="PASS" starttime="20230213 23:50:31.931" endtime="20230213 23:50:32.861"/>
</kw>
<kw name="Inserir e-mail existente" library="cadastro_actions">
<kw name="Wait Until Element Is Visible" library="SeleniumLibrary">
<arg>xpath://*[@id="user_email"]</arg>
<doc>Waits until the element ``locator`` is visible.</doc>
<status status="PASS" starttime="20230213 23:50:32.862" endtime="20230213 23:50:32.879"/>
</kw>
<kw name="Page Should Contain" library="SeleniumLibrary">
<arg>E-mail</arg>
<doc>Verifies that current page contains ``text``.</doc>
<msg timestamp="20230213 23:50:32.889" level="INFO">Current page contains text 'E-mail'.</msg>
<status status="PASS" starttime="20230213 23:50:32.879" endtime="20230213 23:50:32.889"/>
</kw>
<kw name="Input Text" library="SeleniumLibrary">
<arg>xpath://*[@id="user_email"]</arg>
<arg>mauriciodesouzamiranda@gmail.com</arg>
<doc>Types the given ``text`` into the text field identified by ``locator``.</doc>
<msg timestamp="20230213 23:50:32.890" level="INFO">Typing text 'mauriciodesouzamiranda@gmail.com' into text field 'xpath://*[@id="user_email"]'.</msg>
<status status="PASS" starttime="20230213 23:50:32.890" endtime="20230213 23:50:32.936"/>
</kw>
<status status="PASS" starttime="20230213 23:50:32.862" endtime="20230213 23:50:32.936"/>
</kw>
<kw name="Inserir senha correta" library="cadastro_actions">
<kw name="Wait Until Element Is Visible" library="SeleniumLibrary">
<arg>xpath://*[@id="user_password"]</arg>
<doc>Waits until the element ``locator`` is visible.</doc>
<status status="PASS" starttime="20230213 23:50:32.937" endtime="20230213 23:50:32.951"/>
</kw>
<kw name="Page Should Contain" library="SeleniumLibrary">
<arg>E-mail</arg>
<doc>Verifies that current page contains ``text``.</doc>
<msg timestamp="20230213 23:50:32.958" level="INFO">Current page contains text 'E-mail'.</msg>
<status status="PASS" starttime="20230213 23:50:32.951" endtime="20230213 23:50:32.958"/>
</kw>
<kw name="Input Text" library="SeleniumLibrary">
<arg>xpath://*[@id="user_password"]</arg>
<arg>M@druga123</arg>
<doc>Types the given ``text`` into the text field identified by ``locator``.</doc>
<msg timestamp="20230213 23:50:32.960" level="INFO">Typing text 'M@druga123' into text field 'xpath://*[@id="user_password"]'.</msg>
<status status="PASS" starttime="20230213 23:50:32.958" endtime="20230213 23:50:33.001"/>
</kw>
<status status="PASS" starttime="20230213 23:50:32.936" endtime="20230213 23:50:33.002"/>
</kw>
<kw name="Clicar no botão &quot;login&quot;" library="cadastro_actions">
<kw name="Wait Until Element Is Visible" library="SeleniumLibrary">
<arg>xpath://*[@id="new_user"]/div[3]/input</arg>
<doc>Waits until the element ``locator`` is visible.</doc>
<status status="PASS" starttime="20230213 23:50:33.002" endtime="20230213 23:50:33.015"/>
</kw>
<kw name="Page Should Contain" library="SeleniumLibrary">
<arg>login</arg>
<doc>Verifies that current page contains ``text``.</doc>
<msg timestamp="20230213 23:50:33.023" level="INFO">Current page contains text 'login'.</msg>
<status status="PASS" starttime="20230213 23:50:33.016" endtime="20230213 23:50:33.024"/>
</kw>
<kw name="Click Button" library="SeleniumLibrary">
<arg>xpath://*[@id="new_user"]/div[3]/input</arg>
<doc>Clicks the button identified by ``locator``.</doc>
<msg timestamp="20230213 23:50:33.024" level="INFO">Clicking button 'xpath://*[@id="new_user"]/div[3]/input'.</msg>
<status status="PASS" starttime="20230213 23:50:33.024" endtime="20230213 23:50:34.121"/>
</kw>
<status status="PASS" starttime="20230213 23:50:33.002" endtime="20230213 23:50:34.121"/>
</kw>
<kw name="Verificar mensagem &quot;Login efetuado com sucesso.&quot;" library="cadastro_actions">
<kw name="Page Should Contain" library="SeleniumLibrary">
<arg>Login efetuado com sucesso.</arg>
<doc>Verifies that current page contains ``text``.</doc>
<msg timestamp="20230213 23:50:34.134" level="INFO">Current page contains text 'Login efetuado com sucesso.'.</msg>
<status status="PASS" starttime="20230213 23:50:34.122" endtime="20230213 23:50:34.135"/>
</kw>
<status status="PASS" starttime="20230213 23:50:34.122" endtime="20230213 23:50:34.135"/>
</kw>
<kw name="fechar navegador" library="Base" type="TEARDOWN">
<kw name="Close Browser" library="SeleniumLibrary">
<doc>Closes the current browser.</doc>
<status status="PASS" starttime="20230213 23:50:34.136" endtime="20230213 23:50:36.193"/>
</kw>
<status status="PASS" starttime="20230213 23:50:34.135" endtime="20230213 23:50:36.193"/>
</kw>
<doc>Esse teste verifica se o site está logando
com sucesso.</doc>
<tag>login</tag>
<tag>sucesso</tag>
<status status="PASS" starttime="20230213 23:50:30.797" endtime="20230213 23:50:36.195"/>
</test>
<test id="s1-s1-s1-t2" name="Login com e-mail inexistente" line="19">
<kw name="Abrir navegador" library="Base" type="SETUP">
<kw name="Open Browser" library="SeleniumLibrary">
<arg>browser=Chrome</arg>
<doc>Opens a new browser instance to the optional ``url``.</doc>
<msg timestamp="20230213 23:50:36.198" level="INFO">Opening browser 'Chrome' to base url 'None'.</msg>
<status status="PASS" starttime="20230213 23:50:36.198" endtime="20230213 23:50:37.198"/>
</kw>
<kw name="Maximize Browser Window" library="SeleniumLibrary">
<doc>Maximizes current browser window.</doc>
<status status="PASS" starttime="20230213 23:50:37.198" endtime="20230213 23:50:37.315"/>
</kw>
<status status="PASS" starttime="20230213 23:50:36.197" endtime="20230213 23:50:37.315"/>
</kw>
<kw name="Acessar a página de login do site" library="Base">
<kw name="Go To" library="SeleniumLibrary">
<arg>${URL}</arg>
<doc>Navigates the current browser window to the provided ``url``.</doc>
<msg timestamp="20230213 23:50:37.316" level="INFO">Opening url 'https://play.qaxperience.com/'</msg>
<status status="PASS" starttime="20230213 23:50:37.316" endtime="20230213 23:50:38.262"/>
</kw>
<status status="PASS" starttime="20230213 23:50:37.316" endtime="20230213 23:50:38.262"/>
</kw>
<kw name="Inserir e-mail inexistente" library="cadastro_actions">
<kw name="Wait Until Element Is Visible" library="SeleniumLibrary">
<arg>xpath://*[@id="user_email"]</arg>
<doc>Waits until the element ``locator`` is visible.</doc>
<status status="PASS" starttime="20230213 23:50:38.263" endtime="20230213 23:50:38.281"/>
</kw>
<kw name="Page Should Contain" library="SeleniumLibrary">
<arg>E-mail</arg>
<doc>Verifies that current page contains ``text``.</doc>
<msg timestamp="20230213 23:50:38.289" level="INFO">Current page contains text 'E-mail'.</msg>
<status status="PASS" starttime="20230213 23:50:38.281" endtime="20230213 23:50:38.289"/>
</kw>
<kw name="Input Text" library="SeleniumLibrary">
<arg>xpath://*[@id="user_email"]</arg>
<arg>34dfgdfg435h5r56y5h54g4@gmail.com</arg>
<doc>Types the given ``text`` into the text field identified by ``locator``.</doc>
<msg timestamp="20230213 23:50:38.290" level="INFO">Typing text '34dfgdfg435h5r56y5h54g4@gmail.com' into text field 'xpath://*[@id="user_email"]'.</msg>
<status status="PASS" starttime="20230213 23:50:38.289" endtime="20230213 23:50:38.338"/>
</kw>
<status status="PASS" starttime="20230213 23:50:38.263" endtime="20230213 23:50:38.339"/>
</kw>
<kw name="Inserir senha correta" library="cadastro_actions">
<kw name="Wait Until Element Is Visible" library="SeleniumLibrary">
<arg>xpath://*[@id="user_password"]</arg>
<doc>Waits until the element ``locator`` is visible.</doc>
<status status="PASS" starttime="20230213 23:50:38.340" endtime="20230213 23:50:38.353"/>
</kw>
<kw name="Page Should Contain" library="SeleniumLibrary">
<arg>E-mail</arg>
<doc>Verifies that current page contains ``text``.</doc>
<msg timestamp="20230213 23:50:38.359" level="INFO">Current page contains text 'E-mail'.</msg>
<status status="PASS" starttime="20230213 23:50:38.353" endtime="20230213 23:50:38.360"/>
</kw>
<kw name="Input Text" library="SeleniumLibrary">
<arg>xpath://*[@id="user_password"]</arg>
<arg>M@druga123</arg>
<doc>Types the given ``text`` into the text field identified by ``locator``.</doc>
<msg timestamp="20230213 23:50:38.360" level="INFO">Typing text 'M@druga123' into text field 'xpath://*[@id="user_password"]'.</msg>
<status status="PASS" starttime="20230213 23:50:38.360" endtime="20230213 23:50:38.401"/>
</kw>
<status status="PASS" starttime="20230213 23:50:38.339" endtime="20230213 23:50:38.401"/>
</kw>
<kw name="Clicar no botão &quot;login&quot;" library="cadastro_actions">
<kw name="Wait Until Element Is Visible" library="SeleniumLibrary">
<arg>xpath://*[@id="new_user"]/div[3]/input</arg>
<doc>Waits until the element ``locator`` is visible.</doc>
<status status="PASS" starttime="20230213 23:50:38.402" endtime="20230213 23:50:38.414"/>
</kw>
<kw name="Page Should Contain" library="SeleniumLibrary">
<arg>login</arg>
<doc>Verifies that current page contains ``text``.</doc>
<msg timestamp="20230213 23:50:38.422" level="INFO">Current page contains text 'login'.</msg>
<status status="PASS" starttime="20230213 23:50:38.414" endtime="20230213 23:50:38.423"/>
</kw>
<kw name="Click Button" library="SeleniumLibrary">
<arg>xpath://*[@id="new_user"]/div[3]/input</arg>
<doc>Clicks the button identified by ``locator``.</doc>
<msg timestamp="20230213 23:50:38.423" level="INFO">Clicking button 'xpath://*[@id="new_user"]/div[3]/input'.</msg>
<status status="PASS" starttime="20230213 23:50:38.423" endtime="20230213 23:50:38.833"/>
</kw>
<status status="PASS" starttime="20230213 23:50:38.402" endtime="20230213 23:50:38.833"/>
</kw>
<kw name="Verificar mensagem de erro &quot;E-mail ou senha inválida.&quot;" library="cadastro_actions">
<kw name="Page Should Contain" library="SeleniumLibrary">
<arg>E-mail ou senha inválida.</arg>
<doc>Verifies that current page contains ``text``.</doc>
<msg timestamp="20230213 23:50:38.871" level="INFO">Current page contains text 'E-mail ou senha inválida.'.</msg>
<status status="PASS" starttime="20230213 23:50:38.834" endtime="20230213 23:50:38.872"/>
</kw>
<status status="PASS" starttime="20230213 23:50:38.833" endtime="20230213 23:50:38.872"/>
</kw>
<kw name="fechar navegador" library="Base" type="TEARDOWN">
<kw name="Close Browser" library="SeleniumLibrary">
<doc>Closes the current browser.</doc>
<status status="PASS" starttime="20230213 23:50:38.873" endtime="20230213 23:50:40.936"/>
</kw>
<status status="PASS" starttime="20230213 23:50:38.873" endtime="20230213 23:50:40.936"/>
</kw>
<doc>Esse teste verifica se o site está logando
com e-mail inexistente.</doc>
<tag>email</tag>
<tag>inexistente</tag>
<tag>login</tag>
<status status="PASS" starttime="20230213 23:50:36.196" endtime="20230213 23:50:40.937"/>
</test>
<test id="s1-s1-s1-t3" name="Login com senha incorreta" line="29">
<kw name="Abrir navegador" library="Base" type="SETUP">
<kw name="Open Browser" library="SeleniumLibrary">
<arg>browser=Chrome</arg>
<doc>Opens a new browser instance to the optional ``url``.</doc>
<msg timestamp="20230213 23:50:40.939" level="INFO">Opening browser 'Chrome' to base url 'None'.</msg>
<status status="PASS" starttime="20230213 23:50:40.939" endtime="20230213 23:50:41.937"/>
</kw>
<kw name="Maximize Browser Window" library="SeleniumLibrary">
<doc>Maximizes current browser window.</doc>
<status status="PASS" starttime="20230213 23:50:41.937" endtime="20230213 23:50:42.052"/>
</kw>
<status status="PASS" starttime="20230213 23:50:40.939" endtime="20230213 23:50:42.053"/>
</kw>
<kw name="Acessar a página de login do site" library="Base">
<kw name="Go To" library="SeleniumLibrary">
<arg>${URL}</arg>
<doc>Navigates the current browser window to the provided ``url``.</doc>
<msg timestamp="20230213 23:50:42.054" level="INFO">Opening url 'https://play.qaxperience.com/'</msg>
<status status="PASS" starttime="20230213 23:50:42.053" endtime="20230213 23:50:43.000"/>
</kw>
<status status="PASS" starttime="20230213 23:50:42.053" endtime="20230213 23:50:43.000"/>
</kw>
<kw name="Inserir e-mail existente" library="cadastro_actions">
<kw name="Wait Until Element Is Visible" library="SeleniumLibrary">
<arg>xpath://*[@id="user_email"]</arg>
<doc>Waits until the element ``locator`` is visible.</doc>
<status status="PASS" starttime="20230213 23:50:43.001" endtime="20230213 23:50:43.018"/>
</kw>
<kw name="Page Should Contain" library="SeleniumLibrary">
<arg>E-mail</arg>
<doc>Verifies that current page contains ``text``.</doc>
<msg timestamp="20230213 23:50:43.028" level="INFO">Current page contains text 'E-mail'.</msg>
<status status="PASS" starttime="20230213 23:50:43.019" endtime="20230213 23:50:43.028"/>
</kw>
<kw name="Input Text" library="SeleniumLibrary">
<arg>xpath://*[@id="user_email"]</arg>
<arg>mauriciodesouzamiranda@gmail.com</arg>
<doc>Types the given ``text`` into the text field identified by ``locator``.</doc>
<msg timestamp="20230213 23:50:43.029" level="INFO">Typing text 'mauriciodesouzamiranda@gmail.com' into text field 'xpath://*[@id="user_email"]'.</msg>
<status status="PASS" starttime="20230213 23:50:43.028" endtime="20230213 23:50:43.075"/>
</kw>
<status status="PASS" starttime="20230213 23:50:43.001" endtime="20230213 23:50:43.075"/>
</kw>
<kw name="Inserir senha incorreta" library="cadastro_actions">
<kw name="Wait Until Element Is Visible" library="SeleniumLibrary">
<arg>xpath://*[@id="user_password"]</arg>
<doc>Waits until the element ``locator`` is visible.</doc>
<status status="PASS" starttime="20230213 23:50:43.076" endtime="20230213 23:50:43.090"/>
</kw>
<kw name="Page Should Contain" library="SeleniumLibrary">
<arg>E-mail</arg>
<doc>Verifies that current page contains ``text``.</doc>
<msg timestamp="20230213 23:50:43.097" level="INFO">Current page contains text 'E-mail'.</msg>
<status status="PASS" starttime="20230213 23:50:43.090" endtime="20230213 23:50:43.097"/>
</kw>
<kw name="Input Text" library="SeleniumLibrary">
<arg>xpath://*[@id="user_password"]</arg>
<arg>12345</arg>
<doc>Types the given ``text`` into the text field identified by ``locator``.</doc>
<msg timestamp="20230213 23:50:43.098" level="INFO">Typing text '12345' into text field 'xpath://*[@id="user_password"]'.</msg>
<status status="PASS" starttime="20230213 23:50:43.097" endtime="20230213 23:50:43.139"/>
</kw>
<status status="PASS" starttime="20230213 23:50:43.076" endtime="20230213 23:50:43.140"/>
</kw>
<kw name="Clicar no botão &quot;login&quot;" library="cadastro_actions">
<kw name="Wait Until Element Is Visible" library="SeleniumLibrary">
<arg>xpath://*[@id="new_user"]/div[3]/input</arg>
<doc>Waits until the element ``locator`` is visible.</doc>
<status status="PASS" starttime="20230213 23:50:43.140" endtime="20230213 23:50:43.152"/>
</kw>
<kw name="Page Should Contain" library="SeleniumLibrary">
<arg>login</arg>
<doc>Verifies that current page contains ``text``.</doc>
<msg timestamp="20230213 23:50:43.160" level="INFO">Current page contains text 'login'.</msg>
<status status="PASS" starttime="20230213 23:50:43.153" endtime="20230213 23:50:43.160"/>
</kw>
<kw name="Click Button" library="SeleniumLibrary">
<arg>xpath://*[@id="new_user"]/div[3]/input</arg>
<doc>Clicks the button identified by ``locator``.</doc>
<msg timestamp="20230213 23:50:43.161" level="INFO">Clicking button 'xpath://*[@id="new_user"]/div[3]/input'.</msg>
<status status="PASS" starttime="20230213 23:50:43.161" endtime="20230213 23:50:43.749"/>
</kw>
<status status="PASS" starttime="20230213 23:50:43.140" endtime="20230213 23:50:43.749"/>
</kw>
<kw name="Verificar mensagem de erro &quot;E-mail ou senha inválida.&quot;" library="cadastro_actions">
<kw name="Page Should Contain" library="SeleniumLibrary">
<arg>E-mail ou senha inválida.</arg>
<doc>Verifies that current page contains ``text``.</doc>
<msg timestamp="20230213 23:50:43.789" level="INFO">Current page contains text 'E-mail ou senha inválida.'.</msg>
<status status="PASS" starttime="20230213 23:50:43.751" endtime="20230213 23:50:43.789"/>
</kw>
<status status="PASS" starttime="20230213 23:50:43.749" endtime="20230213 23:50:43.789"/>
</kw>
<kw name="fechar navegador" library="Base" type="TEARDOWN">
<kw name="Close Browser" library="SeleniumLibrary">
<doc>Closes the current browser.</doc>
<status status="PASS" starttime="20230213 23:50:43.790" endtime="20230213 23:50:45.861"/>
</kw>
<status status="PASS" starttime="20230213 23:50:43.790" endtime="20230213 23:50:45.861"/>
</kw>
<doc>Esse teste verifica quando o e-mail é
existente</doc>
<tag>incorreta</tag>
<tag>login</tag>
<tag>senha</tag>
<status status="PASS" starttime="20230213 23:50:40.938" endtime="20230213 23:50:45.862"/>
</test>
<test id="s1-s1-s1-t4" name="Clicar no botão &quot;login&quot; sem preencher os campos de e-mail e senha." line="39">
<kw name="Abrir navegador" library="Base" type="SETUP">
<kw name="Open Browser" library="SeleniumLibrary">
<arg>browser=Chrome</arg>
<doc>Opens a new browser instance to the optional ``url``.</doc>
<msg timestamp="20230213 23:50:45.865" level="INFO">Opening browser 'Chrome' to base url 'None'.</msg>
<status status="PASS" starttime="20230213 23:50:45.865" endtime="20230213 23:50:46.836"/>
</kw>
<kw name="Maximize Browser Window" library="SeleniumLibrary">
<doc>Maximizes current browser window.</doc>
<status status="PASS" starttime="20230213 23:50:46.836" endtime="20230213 23:50:46.949"/>
</kw>
<status status="PASS" starttime="20230213 23:50:45.864" endtime="20230213 23:50:46.950"/>
</kw>
<kw name="Acessar a página de login do site" library="Base">
<kw name="Go To" library="SeleniumLibrary">
<arg>${URL}</arg>
<doc>Navigates the current browser window to the provided ``url``.</doc>
<msg timestamp="20230213 23:50:46.951" level="INFO">Opening url 'https://play.qaxperience.com/'</msg>
<status status="PASS" starttime="20230213 23:50:46.950" endtime="20230213 23:50:47.858"/>
</kw>
<status status="PASS" starttime="20230213 23:50:46.950" endtime="20230213 23:50:47.859"/>
</kw>
<kw name="Clicar no botão &quot;login&quot;" library="cadastro_actions">
<kw name="Wait Until Element Is Visible" library="SeleniumLibrary">
<arg>xpath://*[@id="new_user"]/div[3]/input</arg>
<doc>Waits until the element ``locator`` is visible.</doc>
<status status="PASS" starttime="20230213 23:50:47.859" endtime="20230213 23:50:47.878"/>
</kw>
<kw name="Page Should Contain" library="SeleniumLibrary">
<arg>login</arg>
<doc>Verifies that current page contains ``text``.</doc>
<msg timestamp="20230213 23:50:47.886" level="INFO">Current page contains text 'login'.</msg>
<status status="PASS" starttime="20230213 23:50:47.878" endtime="20230213 23:50:47.886"/>
</kw>
<kw name="Click Button" library="SeleniumLibrary">
<arg>xpath://*[@id="new_user"]/div[3]/input</arg>
<doc>Clicks the button identified by ``locator``.</doc>
<msg timestamp="20230213 23:50:47.887" level="INFO">Clicking button 'xpath://*[@id="new_user"]/div[3]/input'.</msg>
<status status="PASS" starttime="20230213 23:50:47.886" endtime="20230213 23:50:47.918"/>
</kw>
<status status="PASS" starttime="20230213 23:50:47.859" endtime="20230213 23:50:47.918"/>
</kw>
<kw name="Verificar Mensagem de erro &quot;Preencha este campo.&quot;" library="cadastro_actions">
<kw name="Page Should Contain" library="SeleniumLibrary">
<arg>Preencha este campo.</arg>
<doc>Verifies that current page contains ``text``.</doc>
<msg timestamp="20230213 23:50:48.197" level="INFO" html="true">&lt;/td&gt;&lt;/tr&gt;&lt;tr&gt;&lt;td colspan="3"&gt;&lt;a href="selenium-screenshot-1.png"&gt;&lt;img src="selenium-screenshot-1.png" width="800px"&gt;&lt;/a&gt;</msg>
<msg timestamp="20230213 23:50:48.198" level="FAIL">Page should have contained text 'Preencha este campo.' but did not.</msg>
<status status="FAIL" starttime="20230213 23:50:47.919" endtime="20230213 23:50:48.199"/>
</kw>
<status status="FAIL" starttime="20230213 23:50:47.919" endtime="20230213 23:50:48.199"/>
</kw>
<kw name="fechar navegador" library="Base" type="TEARDOWN">
<kw name="Close Browser" library="SeleniumLibrary">
<doc>Closes the current browser.</doc>
<status status="PASS" starttime="20230213 23:50:48.200" endtime="20230213 23:50:50.254"/>
</kw>
<status status="PASS" starttime="20230213 23:50:48.200" endtime="20230213 23:50:50.254"/>
</kw>
<doc>Este teste verificar o comportamento do site
clicando no botão "login" sem preencher os
campos de e-mail e senha.</doc>
<tag>login</tag>
<tag>semEmail</tag>
<tag>semSenha</tag>
<status status="FAIL" starttime="20230213 23:50:45.863" endtime="20230213 23:50:50.254">Page should have contained text 'Preencha este campo.' but did not.</status>
</test>
<doc>Teste de login</doc>
<status status="FAIL" starttime="20230213 23:50:30.683" endtime="20230213 23:50:50.257"/>
</suite>
<status status="FAIL" starttime="20230213 23:50:30.681" endtime="20230213 23:50:50.258"/>
</suite>
<status status="FAIL" starttime="20230213 23:50:30.667" endtime="20230213 23:50:50.260"/>
</suite>
<statistics>
<total>
<stat pass="3" fail="1" skip="0">All Tests</stat>
</total>
<tag>
<stat pass="1" fail="0" skip="0">email</stat>
<stat pass="1" fail="0" skip="0">incorreta</stat>
<stat pass="1" fail="0" skip="0">inexistente</stat>
<stat pass="3" fail="1" skip="0">login</stat>
<stat pass="0" fail="1" skip="0">semEmail</stat>
<stat pass="0" fail="1" skip="0">semSenha</stat>
<stat pass="1" fail="0" skip="0">senha</stat>
<stat pass="1" fail="0" skip="0">sucesso</stat>
</tag>
<suite>
<stat pass="3" fail="1" skip="0" id="s1" name="Qaxperience-Robot">Qaxperience-Robot</stat>
<stat pass="3" fail="1" skip="0" id="s1-s1" name="Tests">Qaxperience-Robot.Tests</stat>
<stat pass="3" fail="1" skip="0" id="s1-s1-s1" name="Cadastro Tests">Qaxperience-Robot.Tests.Cadastro Tests</stat>
</suite>
</statistics>
<errors>
</errors>
</robot>
